<?xml version="1.0" encoding="UTF-8"?>
<testng-results skipped="0" failed="0" ignored="0" total="2" passed="2">
  <reporter-output>
  </reporter-output>
  <suite name="Suite" duration-ms="266" started-at="2018-01-27T05:17:28Z" finished-at="2018-01-27T05:17:28Z">
    <groups>
    </groups>
    <test name="Test" duration-ms="266" started-at="2018-01-27T05:17:28Z" finished-at="2018-01-27T05:17:28Z">
      <class name="Project1.RestAssured1Test">
        <test-method status="PASS" signature="fun1()[pri:0, instance:Project1.RestAssured1Test@7e0ea639]" name="fun1" duration-ms="247" started-at="2018-01-26T21:17:28Z" finished-at="2018-01-26T21:17:28Z">
          <reporter-output>
          </reporter-output>
        </test-method> <!-- fun1 -->
      </class> <!-- Project1.RestAssured1Test -->
      <class name="Project1.Selenium1Test">
        <test-method status="PASS" signature="fun2()[pri:0, instance:Project1.Selenium1Test@7a0ac6e3]" name="fun2" duration-ms="0" started-at="2018-01-26T21:17:28Z" finished-at="2018-01-26T21:17:28Z">
          <reporter-output>
          </reporter-output>
        </test-method> <!-- fun2 -->
      </class> <!-- Project1.Selenium1Test -->
    </test> <!-- Test -->
  </suite> <!-- Suite -->
</testng-results>
