<?xml version="1.0" encoding="UTF-8"?>
<testng-results skipped="0" failed="0" ignored="0" total="1" passed="1">
  <reporter-output>
  </reporter-output>
  <suite name="Suite" duration-ms="276" started-at="2018-01-26T00:04:20Z" finished-at="2018-01-26T00:04:20Z">
    <groups>
    </groups>
    <test name="Test" duration-ms="276" started-at="2018-01-26T00:04:20Z" finished-at="2018-01-26T00:04:20Z">
      <class name="Project1.RestAssured1Test">
        <test-method status="PASS" signature="fun1()[pri:0, instance:Project1.RestAssured1Test@17c68925]" name="fun1" duration-ms="258" started-at="2018-01-25T16:04:20Z" finished-at="2018-01-25T16:04:20Z">
          <reporter-output>
          </reporter-output>
        </test-method> <!-- fun1 -->
      </class> <!-- Project1.RestAssured1Test -->
    </test> <!-- Test -->
  </suite> <!-- Suite -->
</testng-results>
