<?xml version="1.0" encoding="UTF-8"?>
<testng-results skipped="0" failed="0" ignored="0" total="1" passed="1">
  <reporter-output>
  </reporter-output>
  <suite name="Default suite" duration-ms="266" started-at="2018-01-25T23:30:53Z" finished-at="2018-01-25T23:30:53Z">
    <groups>
    </groups>
    <test name="Default test" duration-ms="266" started-at="2018-01-25T23:30:53Z" finished-at="2018-01-25T23:30:53Z">
      <class name="Project1.RestAssured1">
        <test-method status="PASS" signature="fun1()[pri:0, instance:Project1.RestAssured1@62ee68d8]" name="fun1" duration-ms="249" started-at="2018-01-25T15:30:53Z" finished-at="2018-01-25T15:30:53Z">
          <reporter-output>
          </reporter-output>
        </test-method> <!-- fun1 -->
      </class> <!-- Project1.RestAssured1 -->
    </test> <!-- Default test -->
  </suite> <!-- Default suite -->
</testng-results>
